<?xml version="1.0" encoding="UTF-8"?>
<testng-results ignored="0" total="8" passed="7" failed="1" skipped="0">
  <reporter-output>
  </reporter-output>
  <suite started-at="2022-10-06T12:41:25 IST" name="Open Cart Test Regression PW Suite" finished-at="2022-10-06T12:41:51 IST" duration-ms="26001">
    <groups>
    </groups>
    <test started-at="2022-10-06T12:41:25 IST" name="Open Cart Login Page Test" finished-at="2022-10-06T12:41:50 IST" duration-ms="24852">
      <class name="Playwright.opencart.Tests.LoginPageTest">
        <test-method is-config="true" signature="setup()[pri:0, instance:Playwright.opencart.Tests.LoginPageTest@4ff8d125]" started-at="2022-10-06T12:41:25 IST" name="setup" finished-at="2022-10-06T12:41:46 IST" duration-ms="21273" status="PASS">
          <reporter-output>
          </reporter-output>
        </test-method> <!-- setup -->
        <test-method signature="loginPageNavigationTest()[pri:1, instance:Playwright.opencart.Tests.LoginPageTest@4ff8d125]" started-at="2022-10-06T12:41:46 IST" name="loginPageNavigationTest" finished-at="2022-10-06T12:41:48 IST" duration-ms="1315" status="PASS">
          <reporter-output>
          </reporter-output>
        </test-method> <!-- loginPageNavigationTest -->
        <test-method signature="forgotPwdLinkExistTest()[pri:2, instance:Playwright.opencart.Tests.LoginPageTest@4ff8d125]" started-at="2022-10-06T12:41:48 IST" name="forgotPwdLinkExistTest" finished-at="2022-10-06T12:41:48 IST" duration-ms="27" status="FAIL">
          <exception class="java.lang.AssertionError">
            <message>
              <![CDATA[expected [true] but found [false]]]>
            </message>
            <full-stacktrace>
              <![CDATA[java.lang.AssertionError: expected [true] but found [false]
at org.testng.Assert.fail(Assert.java:99)
at org.testng.Assert.failNotEquals(Assert.java:1037)
at org.testng.Assert.assertTrue(Assert.java:45)
at org.testng.Assert.assertTrue(Assert.java:55)
at Playwright.opencart.Tests.LoginPageTest.forgotPwdLinkExistTest(LoginPageTest.java:22)
at java.base/jdk.internal.reflect.NativeMethodAccessorImpl.invoke0(Native Method)
at java.base/jdk.internal.reflect.NativeMethodAccessorImpl.invoke(NativeMethodAccessorImpl.java:77)
at java.base/jdk.internal.reflect.DelegatingMethodAccessorImpl.invoke(DelegatingMethodAccessorImpl.java:43)
at java.base/java.lang.reflect.Method.invoke(Method.java:568)
at org.testng.internal.MethodInvocationHelper.invokeMethod(MethodInvocationHelper.java:133)
at org.testng.internal.TestInvoker.invokeMethod(TestInvoker.java:598)
at org.testng.internal.TestInvoker.invokeTestMethod(TestInvoker.java:173)
at org.testng.internal.MethodRunner.runInSequence(MethodRunner.java:46)
at org.testng.internal.TestInvoker$MethodInvocationAgent.invoke(TestInvoker.java:824)
at org.testng.internal.TestInvoker.invokeTestMethods(TestInvoker.java:146)
at org.testng.internal.TestMethodWorker.invokeTestMethods(TestMethodWorker.java:146)
at org.testng.internal.TestMethodWorker.run(TestMethodWorker.java:128)
at java.base/java.util.ArrayList.forEach(ArrayList.java:1511)
at org.testng.TestRunner.privateRun(TestRunner.java:794)
at org.testng.TestRunner.run(TestRunner.java:596)
at org.testng.SuiteRunner.runTest(SuiteRunner.java:377)
at org.testng.SuiteRunner.access$000(SuiteRunner.java:28)
at org.testng.SuiteRunner$SuiteWorker.run(SuiteRunner.java:418)
at org.testng.internal.thread.ThreadUtil.lambda$execute$0(ThreadUtil.java:64)
at java.base/java.util.concurrent.FutureTask.run(FutureTask.java:264)
at java.base/java.util.concurrent.ThreadPoolExecutor.runWorker(ThreadPoolExecutor.java:1136)
at java.base/java.util.concurrent.ThreadPoolExecutor$Worker.run(ThreadPoolExecutor.java:635)
at java.base/java.lang.Thread.run(Thread.java:833)
]]>
            </full-stacktrace>
          </exception> <!-- java.lang.AssertionError -->
          <reporter-output>
          </reporter-output>
        </test-method> <!-- forgotPwdLinkExistTest -->
        <test-method signature="appLoginTest()[pri:3, instance:Playwright.opencart.Tests.LoginPageTest@4ff8d125]" started-at="2022-10-06T12:41:48 IST" name="appLoginTest" finished-at="2022-10-06T12:41:49 IST" duration-ms="1737" status="PASS">
          <reporter-output>
          </reporter-output>
        </test-method> <!-- appLoginTest -->
        <test-method is-config="true" signature="end()[pri:0, instance:Playwright.opencart.Tests.LoginPageTest@4ff8d125]" started-at="2022-10-06T12:41:49 IST" name="end" finished-at="2022-10-06T12:41:50 IST" duration-ms="437" status="PASS">
          <reporter-output>
          </reporter-output>
        </test-method> <!-- end -->
      </class> <!-- Playwright.opencart.Tests.LoginPageTest -->
    </test> <!-- Open Cart Login Page Test -->
    <test started-at="2022-10-06T12:41:25 IST" name="Open Cart Home Page Test" finished-at="2022-10-06T12:41:51 IST" duration-ms="26001">
      <class name="Playwright.opencart.Tests.HomePageTest">
        <test-method is-config="true" signature="setup()[pri:0, instance:Playwright.opencart.Tests.HomePageTest@119cbf96]" started-at="2022-10-06T12:41:25 IST" name="setup" finished-at="2022-10-06T12:41:48 IST" duration-ms="22513" status="PASS">
          <reporter-output>
          </reporter-output>
        </test-method> <!-- setup -->
        <test-method signature="HomepageTitleTest()[pri:0, instance:Playwright.opencart.Tests.HomePageTest@119cbf96]" started-at="2022-10-06T12:41:48 IST" name="HomepageTitleTest" finished-at="2022-10-06T12:41:48 IST" duration-ms="26" status="PASS">
          <reporter-output>
          </reporter-output>
        </test-method> <!-- HomepageTitleTest -->
        <test-method signature="HomepageURLTest()[pri:0, instance:Playwright.opencart.Tests.HomePageTest@119cbf96]" started-at="2022-10-06T12:41:48 IST" name="HomepageURLTest" finished-at="2022-10-06T12:41:48 IST" duration-ms="17" status="PASS">
          <reporter-output>
          </reporter-output>
        </test-method> <!-- HomepageURLTest -->
        <test-method signature="searchTest(java.lang.String)[pri:0, instance:Playwright.opencart.Tests.HomePageTest@119cbf96]" started-at="2022-10-06T12:41:48 IST" name="searchTest" data-provider="getProductData" finished-at="2022-10-06T12:41:49 IST" duration-ms="973" status="PASS">
          <params>
            <param index="0">
              <value>
                <![CDATA[Macbook]]>
              </value>
            </param>
          </params>
          <reporter-output>
          </reporter-output>
        </test-method> <!-- searchTest -->
        <test-method signature="searchTest(java.lang.String)[pri:0, instance:Playwright.opencart.Tests.HomePageTest@119cbf96]" started-at="2022-10-06T12:41:49 IST" name="searchTest" data-provider="getProductData" finished-at="2022-10-06T12:41:50 IST" duration-ms="893" status="PASS">
          <params>
            <param index="0">
              <value>
                <![CDATA[iMac]]>
              </value>
            </param>
          </params>
          <reporter-output>
          </reporter-output>
        </test-method> <!-- searchTest -->
        <test-method signature="searchTest(java.lang.String)[pri:0, instance:Playwright.opencart.Tests.HomePageTest@119cbf96]" started-at="2022-10-06T12:41:50 IST" name="searchTest" data-provider="getProductData" finished-at="2022-10-06T12:41:51 IST" duration-ms="1017" status="PASS">
          <params>
            <param index="0">
              <value>
                <![CDATA[Samsung]]>
              </value>
            </param>
          </params>
          <reporter-output>
          </reporter-output>
        </test-method> <!-- searchTest -->
        <test-method is-config="true" signature="end()[pri:0, instance:Playwright.opencart.Tests.HomePageTest@119cbf96]" started-at="2022-10-06T12:41:51 IST" name="end" finished-at="2022-10-06T12:41:51 IST" duration-ms="505" status="PASS">
          <reporter-output>
          </reporter-output>
        </test-method> <!-- end -->
      </class> <!-- Playwright.opencart.Tests.HomePageTest -->
    </test> <!-- Open Cart Home Page Test -->
  </suite> <!-- Open Cart Test Regression PW Suite -->
</testng-results>
