<?xml version="1.0" encoding="UTF-8"?>
<!-- Generated by org.testng.reporters.JUnitReportReporter -->
<testsuite hostname="IB-Pune-LAP-358" failures="0" tests="6" name="Playwright.opencart.Tests.HomePageTest" time="3.482" errors="1" timestamp="2022-10-04T10:53:13 IST" skipped="0">
  <testcase classname="Playwright.opencart.Tests.HomePageTest" name="end" time="0.012">
    <error message="Error {
  message=&#039;Target page, context or browser has been closed
  name=&#039;Error
  stack=&#039;Error: Target page, context or browser has been closed
    at DispatcherConnection.dispatch (C:\Users\RUSHIK~1\AppData\Local\Temp\playwright-java-7707582187424306122\package\lib\server\dispatchers\dispatcher.js:277:49)
    at PipeTransport.transport.onmessage (C:\Users\RUSHIK~1\AppData\Local\Temp\playwright-java-7707582187424306122\package\lib\cli\driver.js:61:57)
    at Immediate._onImmediate (C:\Users\RUSHIK~1\AppData\Local\Temp\playwright-java-7707582187424306122\package\lib\protocol\transport.js:89:34)
    at processImmediate (node:internal/timers:466:21)
}" type="com.microsoft.playwright.PlaywrightException">
      <![CDATA[com.microsoft.playwright.PlaywrightException: Error {
  message='Target page, context or browser has been closed
  name='Error
  stack='Error: Target page, context or browser has been closed
    at DispatcherConnection.dispatch (C:\Users\RUSHIK~1\AppData\Local\Temp\playwright-java-7707582187424306122\package\lib\server\dispatchers\dispatcher.js:277:49)
    at PipeTransport.transport.onmessage (C:\Users\RUSHIK~1\AppData\Local\Temp\playwright-java-7707582187424306122\package\lib\cli\driver.js:61:57)
    at Immediate._onImmediate (C:\Users\RUSHIK~1\AppData\Local\Temp\playwright-java-7707582187424306122\package\lib\protocol\transport.js:89:34)
    at processImmediate (node:internal/timers:466:21)
}
at com.microsoft.playwright.impl.WaitableResult.get(WaitableResult.java:54)
at com.microsoft.playwright.impl.ChannelOwner.runUntil(ChannelOwner.java:103)
at com.microsoft.playwright.impl.Connection.sendMessage(Connection.java:108)
at com.microsoft.playwright.impl.ChannelOwner.sendMessage(ChannelOwner.java:94)
at com.microsoft.playwright.impl.TracingImpl.stopChunkImpl(TracingImpl.java:46)
at com.microsoft.playwright.impl.TracingImpl.lambda$stop$2(TracingImpl.java:105)
at com.microsoft.playwright.impl.LoggingSupport.lambda$withLogging$0(LoggingSupport.java:36)
at com.microsoft.playwright.impl.LoggingSupport.withLogging(LoggingSupport.java:47)
at com.microsoft.playwright.impl.ChannelOwner.withLogging(ChannelOwner.java:79)
at com.microsoft.playwright.impl.LoggingSupport.withLogging(LoggingSupport.java:35)
at com.microsoft.playwright.impl.TracingImpl.stop(TracingImpl.java:104)
at Playwright.opecart.BrowserInit.PlaywrightFactory.closescreenshot(PlaywrightFactory.java:103)
at Playwright.opencart.Base.BaseTest.end(BaseTest.java:49)
at java.base/jdk.internal.reflect.NativeMethodAccessorImpl.invoke0(Native Method)
at java.base/jdk.internal.reflect.NativeMethodAccessorImpl.invoke(NativeMethodAccessorImpl.java:77)
at java.base/jdk.internal.reflect.DelegatingMethodAccessorImpl.invoke(DelegatingMethodAccessorImpl.java:43)
at java.base/java.lang.reflect.Method.invoke(Method.java:568)
at org.testng.internal.MethodInvocationHelper.invokeMethod(MethodInvocationHelper.java:133)
at org.testng.internal.MethodInvocationHelper.invokeMethodConsideringTimeout(MethodInvocationHelper.java:62)
at org.testng.internal.ConfigInvoker.invokeConfigurationMethod(ConfigInvoker.java:385)
at org.testng.internal.ConfigInvoker.invokeConfigurations(ConfigInvoker.java:321)
at org.testng.TestRunner.invokeTestConfigurations(TestRunner.java:637)
at org.testng.TestRunner.afterRun(TestRunner.java:877)
at org.testng.TestRunner.run(TestRunner.java:599)
at org.testng.SuiteRunner.runTest(SuiteRunner.java:377)
at org.testng.SuiteRunner.access$000(SuiteRunner.java:28)
at org.testng.SuiteRunner$SuiteWorker.run(SuiteRunner.java:418)
at org.testng.internal.thread.ThreadUtil.lambda$execute$0(ThreadUtil.java:64)
at java.base/java.util.concurrent.FutureTask.run(FutureTask.java:264)
at java.base/java.util.concurrent.ThreadPoolExecutor.runWorker(ThreadPoolExecutor.java:1136)
at java.base/java.util.concurrent.ThreadPoolExecutor$Worker.run(ThreadPoolExecutor.java:635)
at java.base/java.lang.Thread.run(Thread.java:833)
Caused by: com.microsoft.playwright.impl.DriverException: Error {
  message='Target page, context or browser has been closed
  name='Error
  stack='Error: Target page, context or browser has been closed
    at DispatcherConnection.dispatch (C:\Users\RUSHIK~1\AppData\Local\Temp\playwright-java-7707582187424306122\package\lib\server\dispatchers\dispatcher.js:277:49)
    at PipeTransport.transport.onmessage (C:\Users\RUSHIK~1\AppData\Local\Temp\playwright-java-7707582187424306122\package\lib\cli\driver.js:61:57)
    at Immediate._onImmediate (C:\Users\RUSHIK~1\AppData\Local\Temp\playwright-java-7707582187424306122\package\lib\protocol\transport.js:89:34)
    at processImmediate (node:internal/timers:466:21)
}
at com.microsoft.playwright.impl.Connection.dispatch(Connection.java:190)
at com.microsoft.playwright.impl.Connection.processOneMessage(Connection.java:170)
at com.microsoft.playwright.impl.ChannelOwner.runUntil(ChannelOwner.java:101)
at com.microsoft.playwright.impl.Connection.sendMessage(Connection.java:108)
at com.microsoft.playwright.impl.ChannelOwner.sendMessage(ChannelOwner.java:94)
at com.microsoft.playwright.impl.ChannelOwner.sendMessage(ChannelOwner.java:90)
at com.microsoft.playwright.impl.BrowserImpl.closeImpl(BrowserImpl.java:84)
at com.microsoft.playwright.impl.BrowserImpl.lambda$close$0(BrowserImpl.java:71)
at com.microsoft.playwright.impl.LoggingSupport.lambda$withLogging$0(LoggingSupport.java:36)
at com.microsoft.playwright.impl.LoggingSupport.withLogging(LoggingSupport.java:47)
at com.microsoft.playwright.impl.ChannelOwner.withLogging(ChannelOwner.java:79)
at com.microsoft.playwright.impl.LoggingSupport.withLogging(LoggingSupport.java:35)
at com.microsoft.playwright.impl.BrowserImpl.close(BrowserImpl.java:71)
at Playwright.opencart.Base.BaseTest.end(BaseTest.java:50)
... 19 more
]]>
    </error>
  </testcase> <!-- end -->
  <system-out/>
  <testcase classname="Playwright.opencart.Tests.HomePageTest" name="searchTest" time="1.105"/>
  <system-out/>
  <testcase classname="Playwright.opencart.Tests.HomePageTest" name="HomepageTitleTest" time="0.059"/>
  <system-out/>
  <testcase classname="Playwright.opencart.Tests.HomePageTest" name="searchTest" time="0.871"/>
  <system-out/>
  <testcase classname="Playwright.opencart.Tests.HomePageTest" name="HomepageURLTest" time="0.003"/>
  <system-out/>
  <testcase classname="Playwright.opencart.Tests.HomePageTest" name="searchTest" time="1.432"/>
  <system-out/>
</testsuite> <!-- Playwright.opencart.Tests.HomePageTest -->
